0 info it worked if it ends with ok
1 verbose cli [ '/usr/local/Cellar/node/4.1.1/bin/node',
1 verbose cli   '/usr/local/bin/npm',
1 verbose cli   'install',
1 verbose cli   'react-calendar-component' ]
2 info using npm@2.14.4
3 info using node@v4.1.1
4 verbose install initial load of /Users/Alex/Desktop/new_relic/package.json
5 verbose installManyTop reading scoped package data from /Users/Alex/Desktop/new_relic/node_modules/babel/package.json
6 verbose installManyTop reading scoped package data from /Users/Alex/Desktop/new_relic/node_modules/babelify/package.json
7 verbose installManyTop reading scoped package data from /Users/Alex/Desktop/new_relic/node_modules/bluebird/package.json
8 verbose installManyTop reading scoped package data from /Users/Alex/Desktop/new_relic/node_modules/browserify/package.json
9 verbose installManyTop reading scoped package data from /Users/Alex/Desktop/new_relic/node_modules/moment/package.json
10 verbose installManyTop reading scoped package data from /Users/Alex/Desktop/new_relic/node_modules/node-fetch/package.json
11 verbose installManyTop reading scoped package data from /Users/Alex/Desktop/new_relic/node_modules/rc-calendar/package.json
12 verbose installManyTop reading scoped package data from /Users/Alex/Desktop/new_relic/node_modules/react/package.json
13 verbose installManyTop reading scoped package data from /Users/Alex/Desktop/new_relic/node_modules/react-addons-create-fragment/package.json
14 verbose installManyTop reading scoped package data from /Users/Alex/Desktop/new_relic/node_modules/react-dom/package.json
15 verbose installManyTop reading scoped package data from /Users/Alex/Desktop/new_relic/node_modules/react-pure-render/package.json
16 verbose installManyTop reading scoped package data from /Users/Alex/Desktop/new_relic/node_modules/react-redux/package.json
17 verbose installManyTop reading scoped package data from /Users/Alex/Desktop/new_relic/node_modules/redux/package.json
18 verbose installManyTop reading scoped package data from /Users/Alex/Desktop/new_relic/node_modules/uuid/package.json
19 verbose installManyTop reading scoped package data from /Users/Alex/Desktop/new_relic/node_modules/watchify/package.json
20 info package.json uuid@2.0.1 No license field.
21 info package.json rc-calendar@3.16.2 No license field.
22 info package.json react-addons-create-fragment@0.14.0 No repository field.
23 verbose readDependencies loading dependencies from /Users/Alex/Desktop/new_relic/package.json
24 silly cache add args [ 'react-calendar-component', null ]
25 verbose cache add spec react-calendar-component
26 silly cache add parsed spec Result {
26 silly cache add   raw: 'react-calendar-component',
26 silly cache add   scope: null,
26 silly cache add   name: 'react-calendar-component',
26 silly cache add   rawSpec: '',
26 silly cache add   spec: '*',
26 silly cache add   type: 'range' }
27 silly addNamed react-calendar-component@*
28 verbose addNamed "*" is a valid semver range for react-calendar-component
29 silly addNameRange { name: 'react-calendar-component', range: '*', hasData: false }
30 silly mapToRegistry name react-calendar-component
31 silly mapToRegistry using default registry
32 silly mapToRegistry registry https://registry.npmjs.org/
33 silly mapToRegistry uri https://registry.npmjs.org/react-calendar-component
34 verbose addNameRange registry:https://registry.npmjs.org/react-calendar-component not in flight; fetching
35 verbose request uri https://registry.npmjs.org/react-calendar-component
36 verbose request no auth needed
37 info attempt registry request try #1 at 4:40:20 PM
38 verbose request id ac0cebe6f206cdc7
39 http request GET https://registry.npmjs.org/react-calendar-component
40 http 200 https://registry.npmjs.org/react-calendar-component
41 silly get cb [ 200,
41 silly get   { server: 'CouchDB/1.5.0 (Erlang OTP/R16B03)',
41 silly get     etag: '"EZD8VTC19B116JL7SXO7WDET6"',
41 silly get     'content-type': 'application/json',
41 silly get     'cache-control': 'max-age=60',
41 silly get     'content-length': '6812',
41 silly get     'accept-ranges': 'bytes',
41 silly get     date: 'Sat, 10 Oct 2015 23:40:21 GMT',
41 silly get     via: '1.1 varnish',
41 silly get     age: '0',
41 silly get     connection: 'keep-alive',
41 silly get     'x-served-by': 'cache-lax1428-LAX',
41 silly get     'x-cache': 'MISS',
41 silly get     'x-cache-hits': '0',
41 silly get     'x-timer': 'S1444520421.394970,VS0,VE313',
41 silly get     vary: 'Accept' } ]
42 verbose get saving react-calendar-component to /Users/Alex/.npm/registry.npmjs.org/react-calendar-component/.cache.json
43 silly addNameRange number 2 { name: 'react-calendar-component', range: '*', hasData: true }
44 silly addNameRange versions [ 'react-calendar-component',
44 silly addNameRange   [ '0.0.2', '0.0.4', '0.1.0', '0.2.0', '0.2.1' ] ]
45 silly addNamed react-calendar-component@0.2.1
46 verbose addNamed "0.2.1" is a plain semver version for react-calendar-component
47 silly mapToRegistry name react-calendar-component
48 silly mapToRegistry using default registry
49 silly mapToRegistry registry https://registry.npmjs.org/
50 silly mapToRegistry uri https://registry.npmjs.org/react-calendar-component
51 verbose addRemoteTarball https://registry.npmjs.org/react-calendar-component/-/react-calendar-component-0.2.1.tgz not in flight; adding
52 verbose addRemoteTarball [ 'https://registry.npmjs.org/react-calendar-component/-/react-calendar-component-0.2.1.tgz',
52 verbose addRemoteTarball   'ebe83778d35c12341e6b602204b58c38ce78dd12' ]
53 info retry fetch attempt 1 at 4:40:21 PM
54 info attempt registry request try #1 at 4:40:21 PM
55 http fetch GET https://registry.npmjs.org/react-calendar-component/-/react-calendar-component-0.2.1.tgz
56 http fetch 200 https://registry.npmjs.org/react-calendar-component/-/react-calendar-component-0.2.1.tgz
57 silly fetchAndShaCheck shasum ebe83778d35c12341e6b602204b58c38ce78dd12
58 verbose addTmpTarball /var/folders/6s/5n6h3zxd6yx4mpqtzfqq3n5r0000gn/T/npm-18805-746b02a3/registry.npmjs.org/react-calendar-component/-/react-calendar-component-0.2.1.tgz not in flight; adding
59 verbose addTmpTarball already have metadata; skipping unpack for react-calendar-component@0.2.1
60 silly cache afterAdd react-calendar-component@0.2.1
61 verbose afterAdd /Users/Alex/.npm/react-calendar-component/0.2.1/package/package.json not in flight; writing
62 verbose afterAdd /Users/Alex/.npm/react-calendar-component/0.2.1/package/package.json written
63 silly install resolved [ { name: 'react-calendar-component',
63 silly install resolved     version: '0.2.1',
63 silly install resolved     description: 'React.js calendar component.',
63 silly install resolved     repository: { type: 'git', url: 'git@github.com:Hanse/react-calendar' },
63 silly install resolved     main: './lib/index.js',
63 silly install resolved     scripts: { test: 'make test', prepublish: 'make publish' },
63 silly install resolved     author: { name: 'Hanse' },
63 silly install resolved     license: 'MIT',
63 silly install resolved     keywords:
63 silly install resolved      [ 'react',
63 silly install resolved        'react.js',
63 silly install resolved        'calendar',
63 silly install resolved        'react component',
63 silly install resolved        'react calendar component',
63 silly install resolved        'clndr' ],
63 silly install resolved     devDependencies: { 'react-tools': '^0.12.2' },
63 silly install resolved     gitHead: '1f9c204b42a7bfede065a38bc63d2c648362f185',
63 silly install resolved     bugs: { url: 'https://github.com/Hanse/react-calendar/issues' },
63 silly install resolved     homepage: 'https://github.com/Hanse/react-calendar',
63 silly install resolved     _id: 'react-calendar-component@0.2.1',
63 silly install resolved     _shasum: 'ebe83778d35c12341e6b602204b58c38ce78dd12',
63 silly install resolved     _from: 'react-calendar-component@*',
63 silly install resolved     _npmVersion: '2.5.1',
63 silly install resolved     _nodeVersion: '0.12.0',
63 silly install resolved     _npmUser: { name: 'hkkoren', email: 'hanse19@gmail.com' },
63 silly install resolved     maintainers: [ [Object] ],
63 silly install resolved     dist:
63 silly install resolved      { shasum: 'ebe83778d35c12341e6b602204b58c38ce78dd12',
63 silly install resolved        tarball: 'http://registry.npmjs.org/react-calendar-component/-/react-calendar-component-0.2.1.tgz' },
63 silly install resolved     directories: {},
63 silly install resolved     _resolved: 'https://registry.npmjs.org/react-calendar-component/-/react-calendar-component-0.2.1.tgz' } ]
64 info install react-calendar-component@0.2.1 into /Users/Alex/Desktop/new_relic
65 info installOne react-calendar-component@0.2.1
66 verbose installOne of react-calendar-component to /Users/Alex/Desktop/new_relic not in flight; installing
67 verbose lock using /Users/Alex/.npm/_locks/react-calendar-component-19ad9f7a8ccb088c.lock for /Users/Alex/Desktop/new_relic/node_modules/react-calendar-component
68 silly install write writing react-calendar-component 0.2.1 to /Users/Alex/Desktop/new_relic/node_modules/react-calendar-component
69 verbose unbuild node_modules/react-calendar-component
70 silly gentlyRm /Users/Alex/Desktop/new_relic/node_modules/react-calendar-component is being purged from base /Users/Alex/Desktop/new_relic
71 verbose gentlyRm don't care about contents; nuking /Users/Alex/Desktop/new_relic/node_modules/react-calendar-component
72 verbose tar unpack /Users/Alex/.npm/react-calendar-component/0.2.1/package.tgz
73 verbose tar unpacking to /Users/Alex/Desktop/new_relic/node_modules/react-calendar-component
74 silly gentlyRm /Users/Alex/Desktop/new_relic/node_modules/react-calendar-component is being purged
75 verbose gentlyRm don't care about contents; nuking /Users/Alex/Desktop/new_relic/node_modules/react-calendar-component
76 silly gunzTarPerm modes [ '755', '644' ]
77 silly gunzTarPerm extractEntry package.json
78 silly gunzTarPerm extractEntry .npmignore
79 silly gunzTarPerm extractEntry README.md
80 silly gunzTarPerm extractEntry Makefile
81 silly gunzTarPerm extractEntry CHANGELOG.md
82 silly gunzTarPerm extractEntry LICENSE.md
83 silly gunzTarPerm extractEntry lib/Calendar.js
84 silly gunzTarPerm extractEntry lib/CalendarControls.js
85 silly gunzTarPerm extractEntry lib/Day.js
86 silly gunzTarPerm extractEntry lib/index.js
87 silly gunzTarPerm extractEntry lib/.module-cache/377310a8ffa35863a8e13325a1ae997718b9a840.js
88 silly gunzTarPerm extractEntry lib/.module-cache/692cbf5c787ba7e5c34faf9bcc1163f767d5cc79.js
89 silly gunzTarPerm extractEntry lib/.module-cache/b75c59f02d84732eb37c9eb7a8c0ae39e4ebefa8.js
90 silly gunzTarPerm extractEntry lib/.module-cache/f7fac4f38ed2cd71fe1eecf09719de5e1a241598.js
91 silly gunzTarPerm extractEntry lib/.module-cache/manifest/377310a8ffa35863a8e13325a1ae997718b9a840.json
92 silly gunzTarPerm extractEntry lib/.module-cache/manifest/692cbf5c787ba7e5c34faf9bcc1163f767d5cc79.json
93 silly gunzTarPerm extractEntry lib/.module-cache/manifest/b75c59f02d84732eb37c9eb7a8c0ae39e4ebefa8.json
94 silly gunzTarPerm extractEntry lib/.module-cache/manifest/f7fac4f38ed2cd71fe1eecf09719de5e1a241598.json
95 silly gunzTarPerm extractEntry .travis.yml
96 warn excluding symbolic link lib/.module-cache/377310a8ffa35863a8e13325a1ae997718b9a840.js -> /Users/Alex/Desktop/new_relic/node_modules/react-calendar-component/react-calendar/lib/Day.js
97 warn excluding symbolic link lib/.module-cache/692cbf5c787ba7e5c34faf9bcc1163f767d5cc79.js -> /Users/Alex/Desktop/new_relic/node_modules/react-calendar-component/react-calendar/lib/Calendar.js
98 warn excluding symbolic link lib/.module-cache/b75c59f02d84732eb37c9eb7a8c0ae39e4ebefa8.js -> /Users/Alex/Desktop/new_relic/node_modules/react-calendar-component/react-calendar/lib/CalendarControls.js
99 warn excluding symbolic link lib/.module-cache/f7fac4f38ed2cd71fe1eecf09719de5e1a241598.js -> /Users/Alex/Desktop/new_relic/node_modules/react-calendar-component/react-calendar/lib/index.js
100 verbose write writing to /Users/Alex/Desktop/new_relic/node_modules/react-calendar-component/package.json
101 info preinstall react-calendar-component@0.2.1
102 verbose readDependencies loading dependencies from /Users/Alex/Desktop/new_relic/node_modules/react-calendar-component/package.json
103 verbose readDependencies loading dependencies from /Users/Alex/Desktop/new_relic/node_modules/react-calendar-component/package.json
104 silly install resolved []
105 verbose about to build /Users/Alex/Desktop/new_relic/node_modules/react-calendar-component
106 info build /Users/Alex/Desktop/new_relic/node_modules/react-calendar-component
107 info linkStuff react-calendar-component@0.2.1
108 silly linkStuff react-calendar-component@0.2.1 has /Users/Alex/Desktop/new_relic/node_modules as its parent node_modules
109 verbose linkBins react-calendar-component@0.2.1
110 verbose linkMans react-calendar-component@0.2.1
111 verbose rebuildBundles react-calendar-component@0.2.1
112 info install react-calendar-component@0.2.1
113 info postinstall react-calendar-component@0.2.1
114 verbose unlock done using /Users/Alex/.npm/_locks/react-calendar-component-19ad9f7a8ccb088c.lock for /Users/Alex/Desktop/new_relic/node_modules/react-calendar-component
115 verbose validateInstall loading /Users/Alex/Desktop/new_relic/package.json for validation
116 warn unmet dependency /Users/Alex/Desktop/new_relic/node_modules/react-dom requires react@'^0.14.0' but will load
116 warn unmet dependency /Users/Alex/Desktop/new_relic/node_modules/react,
116 warn unmet dependency which is version 0.13.3
117 verbose stack Error: The package react@0.13.3 does not satisfy its siblings' peerDependencies requirements!
117 verbose stack     at /usr/local/lib/node_modules/npm/lib/install.js:125:32
117 verbose stack     at /usr/local/lib/node_modules/npm/lib/install.js:268:7
117 verbose stack     at /usr/local/lib/node_modules/npm/node_modules/read-installed/read-installed.js:142:5
117 verbose stack     at /usr/local/lib/node_modules/npm/node_modules/read-installed/read-installed.js:263:14
117 verbose stack     at cb (/usr/local/lib/node_modules/npm/node_modules/slide/lib/async-map.js:47:24)
117 verbose stack     at /usr/local/lib/node_modules/npm/node_modules/read-installed/read-installed.js:263:14
117 verbose stack     at cb (/usr/local/lib/node_modules/npm/node_modules/slide/lib/async-map.js:47:24)
117 verbose stack     at /usr/local/lib/node_modules/npm/node_modules/read-installed/read-installed.js:263:14
117 verbose stack     at cb (/usr/local/lib/node_modules/npm/node_modules/slide/lib/async-map.js:47:24)
117 verbose stack     at /usr/local/lib/node_modules/npm/node_modules/read-installed/read-installed.js:263:14
118 verbose cwd /Users/Alex/Desktop/new_relic
119 error Darwin 15.0.0
120 error argv "/usr/local/Cellar/node/4.1.1/bin/node" "/usr/local/bin/npm" "install" "react-calendar-component"
121 error node v4.1.1
122 error npm  v2.14.4
123 error code EPEERINVALID
124 error peerinvalid The package react@0.13.3 does not satisfy its siblings' peerDependencies requirements!
124 error peerinvalid Peer react-addons-create-fragment@0.14.0 wants react@^0.14.0
125 verbose exit [ 1, true ]
